<?xml version="1.0" encoding="utf-8" standalone="no"?>
<!--This file represents the results of running a test suite-->
<test-results name="C:\Users\coreyc\Documents\Visual Studio 2010\Projects\DebrieferWeb\WebUI\bin\DebrieferDal.dll" total="1" errors="0" failures="0" not-run="0" inconclusive="0" ignored="0" skipped="0" invalid="0" date="2012-02-06" time="11:51:05">
  <environment nunit-version="2.5.10.11092" clr-version="4.0.30319.239" os-version="Microsoft Windows NT 6.1.7601 Service Pack 1" platform="Win32NT" cwd="C:\opt\NUnit-2.5.10\bin\net-2.0" machine-name="SPC112089" user="coreyc" user-domain="NOUMEA" />
  <culture-info current-culture="en-AU" current-uiculture="en-US" />
  <test-suite type="Assembly" name="C:\Users\coreyc\Documents\Visual Studio 2010\Projects\DebrieferWeb\WebUI\bin\DebrieferDal.dll" executed="True" result="Success" success="True" time="2.496" asserts="0">
    <results>
      <test-suite type="Namespace" name="Spc" executed="True" result="Success" success="True" time="2.496" asserts="0">
        <results>
          <test-suite type="Namespace" name="Ofp" executed="True" result="Success" success="True" time="2.496" asserts="0">
            <results>
              <test-suite type="Namespace" name="Debriefer" executed="True" result="Success" success="True" time="2.496" asserts="0">
                <results>
                  <test-suite type="Namespace" name="Dal" executed="True" result="Success" success="True" time="2.496" asserts="0">
                    <results>
                      <test-suite type="Namespace" name="Tests" executed="True" result="Success" success="True" time="2.496" asserts="0">
                        <results>
                          <test-suite type="TestFixture" name="DebriefingTest" executed="True" result="Success" success="True" time="2.496" asserts="0">
                            <results>
                              <test-case name="Spc.Ofp.Debriefer.Dal.Tests.DebriefingTest.TestUpdateEvaluations" executed="True" result="Success" success="True" time="0.343" asserts="1" />
                            </results>
                          </test-suite>
                        </results>
                      </test-suite>
                    </results>
                  </test-suite>
                </results>
              </test-suite>
            </results>
          </test-suite>
        </results>
      </test-suite>
    </results>
  </test-suite>
</test-results>